State 	ExpPrior[ RecRate ]	GammaPrior[alpha]	Coalescent	dataLikelihood	popSize	RecRate	a.freq	c.freq	g.freq	t.freq 	alpha	kappaY	root.height	visible.height	visible.recombs	total.recombs	num.patterns	num.nodes	 mc.speed 
5000	-3.2788	-3.054	19.4425	-14749.800562675542	0.356551	1.499306	0.25721705063494904	0.24759431645501703	0.24759431645501703	0.24759431645501703	2.698973	1.662172	0.002131552326101528	0.002131552326101528	0	0	351	19	830.01
10000	-3.2892	-2.7769	32.2746	-14721.241441691385	0.2021331	1.757051	0.25721705063494904	0.24759431645501703	0.24759431645501703	0.24759431645501703	2.201624	1.45337	0.002131552326101528	0.002131552326101528	1	1	586	24	3450.66
15000	-3.3101	-2.7336	58.2346	-14681.73100588741	0.0651148	2.281633	0.2528998034086684	0.24343858154817632	0.24343858154817632	0.26022303349497894	2.129019	1.804941	0.0042452323703508375	0.0042452323703508375	2	2	800	27	3668.38
20000	-3.4843	-2.8576	95.3759	-14676.828814351345	0.01050325	6.635847	0.25169677020705855	0.24703751082050873	0.24228055496133072	0.2589851640111019	2.340741	1.650138	0.003205153479076186	0.003205153479076186	2	2	800	26	3990.42
25000	-4.1402	-2.3328	118.2364	-14678.15716001186	0.001501373	23.03258	0.25017630273096514	0.2515860593560102	0.24081696961772253	0.2574206682953021	1.52556	2.109537	0.004064149714980659	0.004064149714980659	2	2	785	27	3900.16
30000	-4.6278	-3.9886	123.9079	-14677.052393040565	0.001451112	35.222031	0.25017630273096514	0.2515860593560102	0.24081696961772253	0.2574206682953021	4.744782	2.484791	0.0027403505870809753	0.0027403505870809753	2	2	803	26	3958.83
35000	-4.9823	-3.1214	132.7758	-14673.788053029519	0.001010658	44.085003	0.255377243350487	0.24984100360467054	0.2391466106203787	0.2556351424244638	2.828326	1.940249	0.0039307016682524195	0.0039307016682524195	3	3	790	28	4048.58
40000	-6.1054	-2.5786	119.0515	-14675.169059130541	0.002864789	72.164262	0.2529758271839562	0.24749164695390935	0.2463012247341677	0.25323130112796666	1.88079	1.779555	0.002407062941772469	0.002407062941772469	2	2	805	26	4105.09
45000	-5.7742	-3.6285	133.0364	-14665.8257126541	0.001473719	63.884143	0.2529758271839562	0.24749164695390935	0.2463012247341677	0.25323130112796666	3.895943	2.070291	0.004440879254462846	0.004440879254462846	3	3	982	34	3831.42
50000	-6.7394	-3.7316	143.2367	-14653.969704357816	0.001990296	88.013405	0.25361442836402687	0.24520452874976706	0.2502899012173434	0.25089114166886267	4.131906	2.237342	0.002785216795634434	0.002785216795634434	4	4	1136	38	4019.29
55000	-7.0278	-3.1077	138.6662	-14652.392975275334	0.002948538	95.222601	0.24893514863297428	0.24068041476799398	0.262217192151394	0.2481672444476376	2.801762	2.25495	0.003534079322703723	0.003534079322703723	4	4	1129	39	3906.25
60000	-8.4853	-2.5121	151.4353	-14656.347232457181	0.002164898	131.659595	0.2519437661596035	0.23971629653922935	0.2611668018440134	0.24717313545715372	1.780134	1.736794	0.0031321487043604744	0.0031321487043604744	5	5	1184	37	4058.44
65000	-4.5778	-3.9666	137.3278	-14656.321673432309	0.002171551	33.973352	0.2529516605043815	0.23818396676607295	0.2594973547851226	0.2493670179444228	4.691145	2.110777	0.0037836730920090406	0.0037836730920090406	4	4	1252	34	4003.2
70000	-4.9918	-3.1397	129.3521	-14666.609238381585	0.001937952	44.324014	0.2526607871203852	0.2379100750023709	0.26034887127583245	0.24908026660141155	2.863851	1.754699	0.003018928463369056	0.003018928463369056	3	3	991	32	3946.33
75000	-5.8368	-2.0527	140.6074	-14666.49152617194	0.001149336	65.448298	0.2503205097366804	0.24052112803447243	0.2604572406653136	0.24870112156353358	1.178843	2.092012	0.003624182117576224	0.003624182117576224	4	4	1217	35	3974.56
80000	-5.4381	-0.07735	142.0527	-14656.704049304351	0.001789547	55.480844	0.2503205097366804	0.24052112803447243	0.2604572406653136	0.24870112156353358	0.120455	1.821228	0.0031473498909583685	0.0031473498909583685	4	4	1174	35	3946.33
85000	-8.6723	-2.0768	156.6295	-14651.082329750181	0.001780624	136.33645	0.25125693275712435	0.2402206936166714	0.2601319040925942	0.24839046953361005	1.206293	1.682827	0.0031749854785551373	0.0031749854785551373	5	5	1334	41	3937.01
90000	-7.7412	-2.3914	159.6151	-14662.43335336571	0.001374744	113.058583	0.2567433844177579	0.23954455393811697	0.2577164038044301	0.24599565783969513	1.60603	1.453486	0.004048831704157565	0.004048831704157565	4	6	1178	37	3965.11
95000	-5.935	-3.3414	138.0215	-14661.501448459525	0.001680411	67.903761	0.25591740679916447	0.24199104026067234	0.2568872958530428	0.24520425708712054	3.271554	1.503537	0.002883180797542591	0.002883180797542591	3	3	968	32	3903.2
100000	-6.9364	-1.1396	142.0149	-14664.927422827888	0.001292235	92.936958	0.2573427434614394	0.24152749131492707	0.25639521219969863	0.2447345530239348	0.445505	2.599669	0.0023032138289058937	0.0023032138289058937	4	4	1156	40	4108.46
105000	-7.4768	-1.9632	143.5397	-14664.399617167233	0.001400694	106.448747	0.2567725521629147	0.24099234168509923	0.2580428086068946	0.2441922975450913	1.080919	1.679442	0.0034104058361441956	0.0034104058361441956	4	4	1206	35	3952.57
110000	-8.9964	-2.7674	146.9067	-14654.713751503312	0.001691017	144.439227	0.2574117266939978	0.2371719156497124	0.25395208332760627	0.25146427432868346	2.185618	1.502652	0.0034832534432130756	0.0034832534432130756	4	4	1167	35	3863.99
115000	-5.4244	-2.2514	141.3929	-14664.517724794312	0.00130159	55.139173	0.25373729236410686	0.24806093666262727	0.25032703381991406	0.24787473715335173	1.418517	1.941977	0.002654801831291094	0.002654801831291094	4	4	1208	34	3885.0
120000	-6.6081	-2.8625	132.1077	-14656.581017553146	0.001983288	84.730161	0.24961148696660487	0.24402742963708748	0.2587315430815146	0.24762954031479312	2.349305	1.921822	0.002641541245286186	0.002641541245286186	3	3	1061	34	3816.79
125000	-7.1049	-2.7571	153.4839	-14652.689718982809	0.001153419	97.150124	0.24961148696660487	0.24402742963708748	0.2587315430815146	0.24762954031479312	2.168312	1.801381	0.003895696016329734	0.0025898400410831516	5	5	1191	38	3805.18
130000	-12.1652	-1.203	169.8859	-14664.801739248474	0.00116867	223.658725	0.24296469938992812	0.23752933731212506	0.2673844953014249	0.25212146799652185	0.479402	1.43935	0.0020269709480717863	0.0020269709480717863	5	6	1118	43	3918.5
135000	-13.3662	-2.3965	198.5214	-14653.519816171123	0.002112015	253.683535	0.2548118425424875	0.23381214729495997	0.2632000901751936	0.24817591998735877	1.613045	1.506932	0.003967369388464601	0.003648714755825099	8	9	1736	49	3918.5
140000	-8.5741	-2.5633	173.3436	-14657.489548931357	0.001601818	133.879592	0.25476555414592844	0.2337696736434753	0.26333393515692755	0.24813083705366873	1.857309	1.372235	0.004790705617442284	0.004790705617442284	7	7	1602	43	3819.71
145000	-7.9813	-2.7712	156.0661	-14646.413114170606	0.001328693	119.060861	0.25476555414592844	0.2337696736434753	0.26333393515692755	0.24813083705366873	2.192044	2.139333	0.0025640841859672922	0.0025640841859672922	5	5	1432	37	3965.11
150000	-12.9783	-4.3546	200.1014	-14646.607463101274	0.001519282	243.986292	0.24750971355272078	0.25129280328050574	0.2558340631169802	0.2453634200497934	5.672967	1.505736	0.0034658585482614367	0.0034658585482614367	8	9	1970	44	3767.9
155000	-7.2359	-1.3597	164.4972	-14647.559068677823	0.001695963	100.426287	0.24541737691886836	0.2491684860948076	0.2536713561477729	0.2517427808385511	0.572667	2.407008	0.0031338357438220553	0.0031338357438220553	6	6	1397	38	3906.25
160000	-7.8264	-3.9763	160.9167	-14649.54499267903	0.001861943	115.189339	0.2574548891811565	0.23647870076818467	0.25179563714990677	0.25427077290075195	4.714656	1.642089	0.004038913890816934	0.004038913890816934	6	6	1643	41	3773.58
165000	-4.6646	-3.5741	144.0719	-14645.467598776344	0.001268189	36.143436	0.254134690100142	0.2433648211452847	0.2515088518189569	0.25099163693561644	3.773688	1.743378	0.0033735569979922854	0.0033735569979922854	4	4	1154	38	3894.08
170000	-9.1708	-2.0629	173.6492	-14646.124597774	0.001433007	148.799201	0.24555990048650286	0.24113406688228964	0.25923650703288964	0.25406952559831786	1.190346	2.028635	0.004112587667128768	0.004112587667128768	7	7	1894	42	3881.99
175000	-6.8897	0.5361	156.2034	-14643.909539166176	0.001264822	91.771821	0.25206503907795696	0.2390548951558639	0.2570012475241481	0.2518788182420309	0.054349	1.606621	0.003515034087761078	0.003515034087761078	5	5	1376	41	3728.56
180000	-10.1822	-0.8406	156.8318	-14641.4569996633	0.001253893	174.082603	0.25073290418335564	0.24307640298077687	0.25564302533262434	0.25054766750324325	0.3125766	2.329133	0.003693666275290971	0.003693666275290971	5	5	1121	41	3834.36
185000	-5.6229	-3.2897	159.8749	-14647.988035928916	0.002300389	60.099978	0.2532290536871056	0.24207829869515327	0.2537351537619633	0.25095749385577787	3.164524	3.003044	0.002823692282703966	0.002823692282703966	5	6	1396	39	4105.09
190000	-9.1726	0.3684	172.1529	-14645.172168238343	0.001508887	148.842734	0.2564550191098373	0.23977947158403132	0.2610937567124771	0.24267175259365428	0.0676662	2.212402	0.003262502494133679	0.003262502494133679	6	6	1566	45	3831.42
195000	-7.1279	0.012763	161.771	-14650.250465184825	0.001902209	97.725612	0.2469275577258608	0.23848119677855031	0.2588822763103404	0.2557089691852485	0.1072877	2.200939	0.0024728706456120537	0.0024728706456120537	6	6	1568	47	3855.05
200000	-10.3778	-3.4311	150.5396	-14655.539770349347	0.001212127	178.971984	0.2412158260056496	0.24601598068586086	0.2583436841511297	0.2544245091573598	3.461182	3.055915	0.002733768839955487	0.002733768839955487	4	4	1208	36	3825.55
205000	-7.3078	-1.8368	147.326	-14653.055695676801	0.00221074	102.223925	0.23995013062688011	0.24681153564685795	0.260853819581713	0.25238451414454904	0.953064	2.291908	0.0037856068054744896	0.0037856068054744896	4	5	1163	39	3903.2
210000	-10.3568	-2.2207	175.9042	-14654.61518023061	0.001531367	178.447862	0.2616384125674145	0.24134985675105586	0.25260663478488865	0.24440509589664108	1.37936	1.945079	0.0032932792714648372	0.0032932792714648372	7	7	1521	44	3900.16
215000	-9.1141	0.607	157.8956	-14655.209500957757	0.001499729	147.379617	0.2615961059696785	0.2413108307869285	0.25272748733915384	0.24436557590423916	0.0495252	1.74907	0.002545770663478191	0.002545770663478191	4	5	1122	41	4166.67
220000	-9.7526	-4.6812	150.0406	-14651.322519031983	0.001103692	163.34346	0.2539416041576307	0.236244319131796	0.2626273893486739	0.24718668736189942	6.548698	2.220694	0.002838920615631689	0.002838920615631689	4	4	1170	38	4048.58
225000	-5.608	-2.6275	141.4676	-14652.78003615854	0.001487673	59.727251	0.2514267897484353	0.2438078839825556	0.26002655855856266	0.24473876771044636	1.957198	2.159454	0.002481670582967343	0.002481670582967343	4	4	1155	40	4128.82
230000	-5.2769	1.1473	144.7189	-14659.084379990642	0.00137216	51.45027	0.24987784276639222	0.2461014459518138	0.2584246315979022	0.24559607968389185	0.02430047	1.795628	0.0022324542565739926	0.0022324542565739926	4	4	1217	36	3937.01
235000	-8.1533	-5.4156	165.5757	-14651.850343136457	0.001446825	123.360781	0.2541577707333705	0.24526181077473416	0.25319465452620227	0.24738576396569303	8.650954	2.658286	0.0032580362112247636	0.0032580362112247636	6	6	1592	42	4145.94
240000	-6.8701	-3.8354	155.1874	-14651.288572632522	0.001169683	91.281815	0.2521161003499965	0.246062556659307	0.2511607209349407	0.25066062205575584	4.375187	1.879898	0.0029077448183778324	0.0029077448183778324	5	5	1329	46	3912.36
245000	-8.2558	-1.9684	154.3923	-14647.311423196728	0.001270575	125.922699	0.25103704162810686	0.24295301021721352	0.25735295342341113	0.24865699473126837	1.086411	1.686009	0.002910807993004721	0.002910807993004721	5	5	1367	40	3949.45
250000	-6.0189	-1.2608	144.543	-14650.513901251712	0.001804943	70.001009	0.25070550406824577	0.24263214901025407	0.2570130746164921	0.2496492723050081	0.51215	1.677777	0.0029168729665828516	0.0029168729665828516	4	4	1179	37	3921.57
255000	-9.7704	1.1781	180.3871	-14651.465240660054	0.001306148	163.787541	0.25985706368058886	0.23786350010211	0.2519617855657699	0.2503176506515312	0.02332863	1.816782	0.004086987453577728	0.004086987453577728	6	7	1587	42	3955.7
260000	-8.7559	-0.6215	186.9415	-14649.941336350717	0.001225309	138.425393	0.25985706368058886	0.23786350010211	0.2519617855657699	0.2503176506515312	0.2391841	1.757115	0.0029877287695422973	0.0029877287695422973	8	8	1973	48	3875.97
265000	-7.4919	-2.9936	161.2322	-14646.624546932173	0.002032069	106.826326	0.25101341633871527	0.2500752538405383	0.2571126741676713	0.24179865565307496	2.585944	2.859284	0.0031747597243346496	0.0031747597243346496	6	6	1471	52	3897.12
270000	-11.026	-2.507	169.4741	-14650.221599424429	0.001402382	195.177674	0.2495440894349823	0.24760863955826515	0.2550546469101656	0.2477926240965869	1.772425	1.628225	0.002950327144807767	0.002950327144807767	6	6	1498	50	3852.08
275000	-6.7757	-1.705	165.1701	-14648.994022668998	0.00179025	88.921746	0.2485631829148215	0.24421738788477448	0.2515614146073318	0.25565801459307214	0.832292	3.784346	0.003785806028116089	0.003785806028116089	6	6	1512	46	4139.07
280000	-9.0674	-1.4066	168.2846	-14647.291877934793	0.001243455	146.212662	0.24704295283957567	0.24268893241155365	0.25621015777275213	0.25405795697611855	0.603416	3.581559	0.003596211794440677	0.003596211794440677	6	6	1514	48	3855.05
285000	-4.711	-4.1738	154.7936	-14648.373118657273	0.001116033	37.303396	0.2542670281036058	0.24562906913739566	0.2511066165514032	0.24899728620759526	5.206823	3.11816	0.002735390555499073	0.002735390555499073	5	5	1362	43	4091.65
290000	-14.3093	0.5277	179.9172	-14639.731197618123	0.001934112	277.261412	0.2524576606264977	0.23841761457635458	0.2586343451902988	0.250490379606849	0.0549485	1.254445	0.0029903949330953705	0.0029903949330953705	5	7	1205	46	3937.01
295000	-8.2312	1.2743	168.0303	-14638.599445289616	0.001751591	125.308828	0.248302132657959	0.25269501213612305	0.2534924556172234	0.24551039958869453	0.02054028	1.867915	0.0030725892396069533	0.0030725892396069533	6	6	1455	49	3924.65
300000	-5.3434	-1.7564	150.8975	-14648.36924265524	0.001584144	53.114076	0.25272935556727044	0.23926584856118868	0.2582507749881119	0.2497540208834289	0.877919	1.770302	0.00315780071151254	0.00315780071151254	5	5	1295	47	3888.02
305000	-8.8721	-2.6231	161.772	-14645.153665267637	0.001376884	141.331011	0.24980353189028104	0.23649589062241275	0.25526103036440134	0.25843954712290496	1.950133	2.33317	0.003053084938119977	0.003053084938119977	5	6	1298	47	3952.57
310000	-9.0039	-1.8458	168.0285	-14645.239696096442	0.001517433	144.626673	0.2536388378855444	0.24151295543128087	0.255058167400541	0.2497900392826338	0.961734	1.203619	0.0025101513971910036	0.0025101513971910036	6	6	1581	44	3990.42
315000	-10.415	-1.2978	156.8882	-14641.80065073484	0.001427071	179.903164	0.25108958072503906	0.23961590308299358	0.25765687208552407	0.25163764410644335	0.534121	2.517533	0.00319098849682467	0.00319098849682467	5	5	1309	45	3762.23
320000	-10.227	-2.7529	168.3576	-14643.07849689727	0.001546946	175.201956	0.2524913553095421	0.2394255949653961	0.2616295631826501	0.2464534865424118	2.161156	2.296203	0.0030090989204234406	0.0030090989204234406	6	6	1318	43	3723.01
325000	-9.286	-0.6924	167.4516	-14643.137659546575	0.001650044	151.677864	0.2543792355802304	0.23749774514031619	0.2623358164776892	0.2457872028017643	0.260986	1.802808	0.0029346535506897123	0.0029346535506897123	5	6	1306	48	3863.99
330000	-6.2855	-2.9156	138.8141	-14652.73465020064	0.002701926	76.664748	0.2513469169998271	0.23568041332115724	0.25920865175924795	0.25376401791976766	2.443626	1.5361	0.002742696941201479	0.002742696941201479	4	4	1101	42	3717.47
335000	-4.7377	-1.2814	139.7173	-14655.242629209282	0.001272988	37.970469	0.24970217422902058	0.2423117858331763	0.25668887312688715	0.25129716681091596	0.524313	1.881673	0.0026513638286907925	0.0026513638286907925	4	4	1192	43	4149.38
340000	-10.1242	-1.7625	169.4138	-14647.535564064165	0.001327283	172.632663	0.25183359883071527	0.23947400335266011	0.25368271647380375	0.25500968134282087	0.88342	1.59973	0.003166576525318359	0.003166576525318359	6	6	1159	47	3894.08
345000	-5.6563	-2.9221	143.0436	-14652.21463713986	0.001034706	60.936313	0.2417982429489952	0.24146611965415238	0.2627143239081813	0.2540213134886712	2.455353	2.198171	0.003365172018395097	0.003365172018395097	4	4	1118	44	4019.29
350000	-14.9307	-2.3545	214.572	-14650.567097703648	0.001218425	292.796488	0.24563941306179463	0.23747814431078534	0.26536929229564665	0.25151315033177335	1.555051	1.763422	0.004160538232314005	0.004160538232314005	8	10	1794	44	3756.57
355000	-8.1401	0.9723	192.4518	-14657.19954966514	0.001960285	123.031181	0.24952946430872167	0.24098609693491885	0.25939002338162126	0.25009441537473825	0.03061915	2.107061	0.0062417153846076965	0.005435380748027392	7	9	1550	42	3921.57
360000	-11.2953	-0.353	214.187	-14645.147901397379	0.001761571	201.911529	0.24761544734681373	0.2391376119137401	0.26326431036252	0.24998263037692606	0.171046	1.817443	0.010220764089138136	0.0032486967498072056	8	11	1371	42	4071.66
365000	-11.212	1.0067	166.6568	-14648.92690134276	0.001867444	199.826944	0.2510336630247171	0.2421973386987151	0.2658618563144802	0.24090714196208773	0.02926278	2.398769	0.0032715766941347497	0.0032715766941347497	6	6	1542	45	4142.5
370000	-6.9144	-3.0799	164.5102	-14661.187918444382	0.001344067	92.389332	0.25577768698263703	0.24119966168618812	0.2668290009141814	0.23619365041699347	2.748265	1.695512	0.0036407281562630773	0.0036407281562630773	5	6	1287	46	3790.75
375000	-11.4729	0.8498	198.7219	-14644.813918361098	0.001073846	206.351409	0.24834535353868614	0.23571044915600517	0.25907554074841993	0.25686865655688895	0.0359919	2.756481	0.003427323865120803	0.003427323865120803	6	9	1307	47	3968.25
380000	-6.9034	-2.3316	151.6106	-14649.800456159877	0.002240836	92.113804	0.2467138392712213	0.23915168159680483	0.259557925613385	0.2545765535185889	1.52396	2.057679	0.0026998951504452317	0.0026998951504452317	5	5	1325	46	3921.57
385000	-14.7749	-0.9252	197.177	-14633.485150863475	0.002346977	288.899384	0.24675065008748018	0.24168488304759905	0.2621526145969702	0.24941185226795065	0.346058	2.069189	0.004757527040364033	0.0037927944507917767	8	9	1530	51	3984.06
390000	-5.7204	1.3762	161.1295	-14643.275258151305	0.001758006	62.53837	0.2554357487830798	0.24467101058405144	0.2561716626926365	0.2437215779402323	0.01794514	2.519681	0.0034260913576066136	0.0034260913576066136	6	6	1303	47	3790.75
395000	-5.1822	0.7353	161.5179	-14641.065865574243	0.001103844	49.082139	0.24884375984870846	0.24653402449284628	0.2573652318912605	0.24725698376718486	0.041844	1.917185	0.002442205692112147	0.002442205692112147	6	6	1313	49	3793.63
400000	-7.4391	-2.8228	156.7824	-14646.217022036024	0.001214779	105.506078	0.244419072251976	0.24916851290685535	0.2555988508231167	0.250813564018052	2.28015	2.053406	0.002664623253134819	0.002664623253134819	5	5	1337	43	3881.99
405000	-7.0209	-4.5188	162.1693	-14640.66843587904	0.001965946	95.050687	0.2522547839391185	0.23802232011227764	0.2526791520432922	0.2570437439053117	6.108014	2.156122	0.0036809401406331928	0.0036809401406331928	6	6	1565	46	3711.95
410000	-9.77	0.4389	165.5299	-14636.33557767333	0.001369684	163.77801	0.25841368463312403	0.23429239992299183	0.254278166263898	0.25301574917998604	0.0617183	1.717948	0.0029986108906366387	0.0029986108906366387	6	6	1506	48	3977.72
415000	-11.4718	-0.11399	187.3717	-14643.12294059387	0.001204235	206.322651	0.2578309675479267	0.23893327077758347	0.2525912553650235	0.2506445063094663	0.1262414	1.015348	0.003054576353054749	0.002834772651857206	6	8	1516	48	3912.36
420000	-8.8134	-2.9657	153.564	-14635.061303018032	0.001669852	139.864168	0.2511922178141149	0.23923087564138543	0.25977607419070864	0.24980083235379097	2.534391	1.446393	0.002747435980042734	0.002747435980042734	5	5	1336	45	3866.98
425000	-5.8085	-1.5802	155.1473	-14633.921378724845	0.001161419	64.73999	0.2593595818016688	0.23734938151127088	0.2526087442265666	0.2506822924604936	0.72931	1.828939	0.002503897109013376	0.002503897109013376	5	5	1333	46	3673.77
430000	-11.2667	-5.8484	159.2698	-14631.453037350646	0.002013428	201.196568	0.2532537911560558	0.2347872850048155	0.2563960718954184	0.25556285194371026	9.959614	1.719552	0.0024956002746448283	0.0024956002746448283	5	5	1350	47	3878.98
435000	-12.7051	-1.6796	177.958	-14630.83615702925	0.00201854	237.154769	0.2502235567424188	0.2416766324001265	0.25317575410263105	0.2549240567548236	0.810456	2.067382	0.0031402627457886184	0.0031402627457886184	6	7	1501	49	3878.98
440000	-9.2415	-2.8917	164.6191	-14634.606765835504	0.001420401	150.564853	0.254696366366186	0.24114947778564166	0.25671711451174567	0.2474370413364267	2.400896	2.232287	0.0025510034124585405	0.0025510034124585405	6	6	1534	49	3878.98
445000	-6.3878	0.03944	164.4469	-14632.866235804471	0.001715601	79.222353	0.24853164570995137	0.24299489842418934	0.25867494239552286	0.2497985134703364	0.1036639	3.253091	0.0037880834468285475	0.0037880834468285475	6	6	1507	47	3863.99
450000	-7.4501	-3.3611	166.8919	-14632.911766880155	0.001452987	105.779545	0.2413923199949204	0.24298755466861283	0.2648458789291791	0.2507742464072878	3.312741	1.618462	0.004341376691855654	0.004341376691855654	6	6	1536	47	4081.63
455000	-6.0632	1.8098	162.2773	-14632.7354358127	0.001153239	71.108783	0.2467560044684652	0.2435688906916574	0.25636456943719477	0.25331053540268267	0.01009328	2.158232	0.0025839750171398647	0.0025839750171398647	5	6	1026	48	3909.3
460000	-6.4898	-1.9536	168.7098	-14632.829316000327	0.00189867	81.772276	0.24955532927789367	0.24056059432271956	0.25375974111782024	0.25612433528156653	1.070751	2.063166	0.0024616622252741035	0.0024616622252741035	6	6	1474	53	3837.3
465000	-11.1284	-3.307	209.1964	-14633.788943913867	0.001451035	197.738469	0.25763863252273833	0.23949083905980081	0.25591951532518964	0.2469510130922712	3.200109	1.594298	0.0026657169281282915	0.0026657169281282915	8	9	1637	54	3881.99
470000	-7.1633	-1.5626	180.1474	-14633.629718929335	0.001170975	98.609957	0.253571695177496	0.2369430882008264	0.25569299873142093	0.2537922178902567	0.715681	2.46191	0.002922537360672058	0.002922537360672058	7	7	1538	46	4000.0
475000	-7.5257	-2.5724	162.0865	-14631.695218673043	0.001444502	107.671645	0.253571695177496	0.2369430882008264	0.25569299873142093	0.2537922178902567	1.871293	2.348672	0.0024392117233274875	0.0024392117233274875	6	6	1511	47	3912.36
480000	-7.0289	1.7434	175.009	-14630.575483384282	0.002224773	95.251018	0.24564877555323386	0.23944035024788046	0.2526915949493809	0.2622192792495049	0.01102346	1.633437	0.003419633717355612	0.003419633717355612	7	7	1672	55	3855.05
485000	-6.7505	0.3668	170.6926	-14630.250856647792	0.001198443	88.29179	0.24988088688865492	0.23214803739618511	0.2582850190148102	0.2596860567003498	0.0678056	1.616477	0.003174148336951855	0.003174148336951855	6	6	1454	54	3668.38
490000	-7.4812	-1.1397	166.9858	-14636.152555565885	0.001934504	106.557384	0.251749594459874	0.2436759397210273	0.2515028871260957	0.2530715786930031	0.445594	1.232164	0.002694360612266162	0.002694360612266162	6	6	1493	48	3825.55
495000	-12.6499	-2.6702	172.8442	-14639.241478611715	0.000983445	235.774697	0.2526606474434022	0.23737269672816283	0.2544709952549109	0.255495660573524	2.025317	2.44296	0.002829250949147979	0.002829250949147979	6	6	1469	49	3866.98
500000	-10.0671	-2.7481	161.4686	-14629.596167464733	0.001181156	171.205831	0.2510822729567352	0.2409223609367857	0.2583386283433847	0.2496567377630944	2.153104	2.838958	0.0032103498653267867	0.0032103498653267867	5	5	1300	46	3897.12
505000	-6.7389	-2.7025	158.7532	-14637.039047594915	0.001632303	88.000085	0.25066781110279057	0.2429515111057729	0.2596103165984931	0.2467703611929434	2.077796	2.68694	0.0030410922209790667	0.0030410922209790667	5	5	1277	46	3866.98
510000	-15.8609	-2.4031	186.9659	-14632.931202480082	0.001001566	316.050697	0.25207706955635084	0.24163245640131897	0.24834278275264587	0.25794769128968437	1.622361	1.950467	0.0031928384666874733	0.0031928384666874733	7	7	1704	53	3679.18
515000	-11.3194	0.05093	186.9804	-14636.29583385966	0.001034684	202.513476	0.2481079896767123	0.23665292318653394	0.25950219031918575	0.2557368968175681	0.102139	1.614129	0.0034150207013837184	0.0034150207013837184	7	7	1526	46	3965.11
520000	-7.7854	0.06722	163.5533	-14634.249725258302	0.002198796	114.163683	0.24973923402627618	0.246694918412042	0.25500172416731165	0.24856412339437028	0.1000161	2.517002	0.0037568836784589023	0.0037568836784589023	6	6	1569	48	3796.51
525000	-6.9876	-2.4747	170.2426	-14636.046925726856	0.000965978	94.217425	0.2501740423171431	0.24380418806832171	0.2520522433763554	0.2539695262381798	1.724909	1.919327	0.0025694617550945996	0.0025694617550945996	6	6	1557	45	3728.56
530000	-11.2959	-4.0301	182.0379	-14631.815988278693	0.001173551	201.92443	0.2544851199443854	0.23718092473381827	0.25763784890637614	0.2506961064154201	4.847055	1.31547	0.00422101879943241	0.00422101879943241	7	7	1713	51	3843.2
535000	-10.1528	-2.2005	179.4957	-14637.753056813817	0.001590121	173.348541	0.25487418859322686	0.23745134018252367	0.26071841734151313	0.2469560538827363	1.354156	1.912736	0.004101806622661746	0.004101806622661746	7	7	1547	46	3961.97
540000	-11.5809	-1.9825	167.9542	-14631.747821411118	0.001108782	209.05045	0.2525553659627495	0.2517952564179127	0.2491839831197601	0.24646539449957752	1.101568	2.8434	0.003319445580895185	0.003319445580895185	6	6	1321	47	4051.86
545000	-8.0402	-1.1265	172.4298	-14636.618213242726	0.001229813	120.531912	0.23903928211691217	0.24284905528884418	0.26239259030414275	0.2557190722901009	0.43877	1.73231	0.0034528461099179474	0.0034528461099179474	6	6	1283	50	3909.3
550000	-10.4058	-0.8502	173.9524	-14637.023199044685	0.001267538	179.673775	0.2422080483674245	0.2418377916686814	0.26129994417274544	0.2546542157911486	0.3162208	2.485274	0.0033315074615155715	0.0033315074615155715	6	6	1546	45	3731.34
